2015-02-27 13:06:01 
Start install: /Users/yajata/Sites/Projects/regul_store/www/tmp/addon_js_uk-template_4.8.0.zip
2015-02-27 13:06:01 Copy file: /components/com_jshopping/css/nevigen_uikit.css
2015-02-27 13:06:01 Copy file: /components/com_jshopping/images/review_avatar.svg
2015-02-27 13:06:01 Copy file: /components/com_jshopping/lang/templates/nevigen_uikit/en-GB.php
2015-02-27 13:06:01 Copy file: /components/com_jshopping/lang/templates/nevigen_uikit/ru-RU.php
2015-02-27 13:06:01 Copy file: /components/com_jshopping/lang/templates/nevigen_uikit/uk-UA.php
2015-02-27 13:06:01 Copy file: /components/com_jshopping/templates/nevigen_uikit/uninstall.php
2015-02-27 13:06:01 Copy file: /components/com_jshopping/templates/nevigen_uikit/cart/cart.php
2015-02-27 13:06:01 Copy file: /components/com_jshopping/templates/nevigen_uikit/cart/checkout.php
2015-02-27 13:06:01 Copy file: /components/com_jshopping/templates/nevigen_uikit/cart/wishlist.php
2015-02-27 13:06:01 Copy file: /components/com_jshopping/templates/nevigen_uikit/category/category_default.php
2015-02-27 13:06:01 Copy file: /components/com_jshopping/templates/nevigen_uikit/category/maincategory.php
2015-02-27 13:06:01 Copy file: /components/com_jshopping/templates/nevigen_uikit/category/products.php
2015-02-27 13:06:01 Copy file: /components/com_jshopping/templates/nevigen_uikit/checkout/adress.js.php
2015-02-27 13:06:01 Copy file: /components/com_jshopping/templates/nevigen_uikit/checkout/adress.php
2015-02-27 13:06:01 Copy file: /components/com_jshopping/templates/nevigen_uikit/checkout/finish.php
2015-02-27 13:06:01 Copy file: /components/com_jshopping/templates/nevigen_uikit/checkout/menu.php
2015-02-27 13:06:01 Copy file: /components/com_jshopping/templates/nevigen_uikit/checkout/orderemail.php
2015-02-27 13:06:01 Copy file: /components/com_jshopping/templates/nevigen_uikit/checkout/payments.php
2015-02-27 13:06:01 Copy file: /components/com_jshopping/templates/nevigen_uikit/checkout/previewfinish.php
2015-02-27 13:06:01 Copy file: /components/com_jshopping/templates/nevigen_uikit/checkout/shippings.php
2015-02-27 13:06:01 Copy file: /components/com_jshopping/templates/nevigen_uikit/content/content.php
2015-02-27 13:06:01 Copy file: /components/com_jshopping/templates/nevigen_uikit/list_products/block_pagination.php
2015-02-27 13:06:01 Copy file: /components/com_jshopping/templates/nevigen_uikit/list_products/form_filters.php
2015-02-27 13:06:01 Copy file: /components/com_jshopping/templates/nevigen_uikit/list_products/list_products.php
2015-02-27 13:06:01 Copy file: /components/com_jshopping/templates/nevigen_uikit/list_products/no_products.php
2015-02-27 13:06:01 Copy file: /components/com_jshopping/templates/nevigen_uikit/list_products/product.php
2015-02-27 13:06:01 Copy file: /components/com_jshopping/templates/nevigen_uikit/manufacturer/manufacturers.php
2015-02-27 13:06:01 Copy file: /components/com_jshopping/templates/nevigen_uikit/manufacturer/products.php
2015-02-27 13:06:01 Copy file: /components/com_jshopping/templates/nevigen_uikit/order/listorder.php
2015-02-27 13:06:01 Copy file: /components/com_jshopping/templates/nevigen_uikit/order/order.php
2015-02-27 13:06:01 Copy file: /components/com_jshopping/templates/nevigen_uikit/order/statusorder.php
2015-02-27 13:06:01 Copy file: /components/com_jshopping/templates/nevigen_uikit/product/block_image_middle.php
2015-02-27 13:06:01 Copy file: /components/com_jshopping/templates/nevigen_uikit/product/block_image_thumb.php
2015-02-27 13:06:01 Copy file: /components/com_jshopping/templates/nevigen_uikit/product/commentemail.php
2015-02-27 13:06:01 Copy file: /components/com_jshopping/templates/nevigen_uikit/product/demofiles.php
2015-02-27 13:06:01 Copy file: /components/com_jshopping/templates/nevigen_uikit/product/load.js.php
2015-02-27 13:06:01 Copy file: /components/com_jshopping/templates/nevigen_uikit/product/playmedia.php
2015-02-27 13:06:01 Copy file: /components/com_jshopping/templates/nevigen_uikit/product/product_default.php
2015-02-27 13:06:01 Copy file: /components/com_jshopping/templates/nevigen_uikit/product/ratingandhits.php
2015-02-27 13:06:01 Copy file: /components/com_jshopping/templates/nevigen_uikit/product/related.php
2015-02-27 13:06:01 Copy file: /components/com_jshopping/templates/nevigen_uikit/product/review.php
2015-02-27 13:06:01 Copy file: /components/com_jshopping/templates/nevigen_uikit/products/products.php
2015-02-27 13:06:01 Copy file: /components/com_jshopping/templates/nevigen_uikit/search/characteristics.php
2015-02-27 13:06:01 Copy file: /components/com_jshopping/templates/nevigen_uikit/search/form.php
2015-02-27 13:06:01 Copy file: /components/com_jshopping/templates/nevigen_uikit/search/noresult.php
2015-02-27 13:06:01 Copy file: /components/com_jshopping/templates/nevigen_uikit/search/products.php
2015-02-27 13:06:01 Copy file: /components/com_jshopping/templates/nevigen_uikit/user/editaccount.js.php
2015-02-27 13:06:01 Copy file: /components/com_jshopping/templates/nevigen_uikit/user/editaccount.php
2015-02-27 13:06:01 Copy file: /components/com_jshopping/templates/nevigen_uikit/user/groupsinfo.php
2015-02-27 13:06:01 Copy file: /components/com_jshopping/templates/nevigen_uikit/user/login.php
2015-02-27 13:06:01 Copy file: /components/com_jshopping/templates/nevigen_uikit/user/logout.php
2015-02-27 13:06:01 Copy file: /components/com_jshopping/templates/nevigen_uikit/user/myaccount.php
2015-02-27 13:06:01 Copy file: /components/com_jshopping/templates/nevigen_uikit/user/register.js.php
2015-02-27 13:06:01 Copy file: /components/com_jshopping/templates/nevigen_uikit/user/register.php
2015-02-27 13:06:01 Copy file: /components/com_jshopping/templates/nevigen_uikit/vendor/info.php
2015-02-27 13:06:01 Copy file: /components/com_jshopping/templates/nevigen_uikit/vendor/products.php
2015-02-27 13:06:01 Copy file: /components/com_jshopping/templates/nevigen_uikit/vendor/vendors.php
2015-02-27 13:06:21 
Start install: /Users/yajata/Sites/Projects/regul_store/www/tmp/mod_jshopping_nvg_ukcart-2.zip
2015-02-27 13:06:21 Copy file: /mod_nvg_ukcart/index.html
2015-02-27 13:06:21 Copy file: /mod_nvg_ukcart/mod_nvg_ukcart.php
2015-02-27 13:06:21 Copy file: /mod_nvg_ukcart/mod_nvg_ukcart.xml
2015-02-27 13:06:21 Copy file: /mod_nvg_ukcart/language/index.html
2015-02-27 13:06:21 Copy file: /mod_nvg_ukcart/language/en-GB/en-GB.mod_nvg_ukcart.ini
2015-02-27 13:06:21 Copy file: /mod_nvg_ukcart/language/en-GB/index.html
2015-02-27 13:06:21 Copy file: /mod_nvg_ukcart/language/ru-RU/index.html
2015-02-27 13:06:21 Copy file: /mod_nvg_ukcart/language/ru-RU/ru-RU.mod_nvg_ukcart.ini
2015-02-27 13:06:21 Copy file: /mod_nvg_ukcart/language/uk-UA/index.html
2015-02-27 13:06:21 Copy file: /mod_nvg_ukcart/language/uk-UA/uk-UA.mod_nvg_ukcart.ini
2015-02-27 13:06:21 Copy file: /mod_nvg_ukcart/tmpl/default.php
2015-02-27 13:06:21 Copy file: /mod_nvg_ukcart/tmpl/index.html
2015-02-27 16:59:42 
Start install: /Users/yajata/Sites/Projects/regul_store/www/tmp/addon_rus_invoices_for_payment_1.0.5-2.zip
2015-02-27 16:59:42 Copy file: /components/com_jshopping/addons/index.html
2015-02-27 16:59:42 Copy file: /components/com_jshopping/addons/rus_invoices_for_payment/config.tmpl.php
2015-02-27 16:59:42 Copy file: /components/com_jshopping/addons/rus_invoices_for_payment/index.html
2015-02-27 16:59:42 Copy file: /components/com_jshopping/addons/rus_invoices_for_payment/uninstall.php
2015-02-27 16:59:42 Copy file: /components/com_jshopping/lang/addon_rus_invoices_for_payment/de-DE.php
2015-02-27 16:59:42 Copy file: /components/com_jshopping/lang/addon_rus_invoices_for_payment/en-GB.php
2015-02-27 16:59:42 Copy file: /components/com_jshopping/lang/addon_rus_invoices_for_payment/ru-RU.php
2015-02-27 16:59:42 Copy file: /plugins/jshoppingorder/addon_rus_invoices_for_payment/addon_rus_invoices_for_payment.php
2015-02-27 16:59:42 Copy file: /plugins/jshoppingorder/addon_rus_invoices_for_payment/addon_rus_invoices_for_payment.xml
2015-02-27 17:00:53 
Start install: /Users/yajata/Sites/Projects/regul_store/www/tmp/addon_check_db_1.0.9.zip
2015-02-27 17:00:53 Copy file: /administrator/components/com_jshopping/controllers/check_db.php
2015-02-27 17:00:53 Copy file: /administrator/components/com_jshopping/lang/check_db/de-DE.php
2015-02-27 17:00:53 Copy file: /administrator/components/com_jshopping/lang/check_db/en-GB.php
2015-02-27 17:00:53 Copy file: /administrator/components/com_jshopping/lang/check_db/ru-RU.php
2015-02-27 17:00:53 Copy file: /administrator/components/com_jshopping/models/check_db.php
2015-02-27 17:00:53 Copy file: /administrator/components/com_jshopping/views/check_db/view.html.php
2015-02-27 17:00:53 Copy file: /administrator/components/com_jshopping/views/check_db/tmpl/default.php
2015-02-27 17:00:53 Copy file: /components/com_jshopping/addons/check_db/uninstall.php
2015-02-27 17:00:53 Copy file: /components/com_jshopping/files/check_db/v_3/joomshoping.xml
2015-02-27 17:00:53 Copy file: /components/com_jshopping/files/check_db/v_4/joomshoping.xml
2015-02-27 17:00:53 Copy file: /plugins/jshoppingmenu/check_db/check_db.php
2015-02-27 17:00:53 Copy file: /plugins/jshoppingmenu/check_db/check_db.xml
2015-02-27 17:48:49 
Start install: /Users/yajata/Sites/Projects/regul_store/www/tmp/addon_js_uk-template-2.zip
2015-02-27 17:48:49 Copy file: /components/com_jshopping/css/nevigen_uikit.css
2015-02-27 17:48:49 Copy file: /components/com_jshopping/images/review_avatar.svg
2015-02-27 17:48:49 Copy file: /components/com_jshopping/lang/templates/nevigen_uikit/en-GB.php
2015-02-27 17:48:49 Copy file: /components/com_jshopping/lang/templates/nevigen_uikit/ru-RU.php
2015-02-27 17:48:49 Copy file: /components/com_jshopping/templates/nevigen_uikit/uninstall.php
2015-02-27 17:48:49 Copy file: /components/com_jshopping/templates/nevigen_uikit/cart/cart.php
2015-02-27 17:48:49 Copy file: /components/com_jshopping/templates/nevigen_uikit/cart/checkout.php
2015-02-27 17:48:49 Copy file: /components/com_jshopping/templates/nevigen_uikit/cart/wishlist.php
2015-02-27 17:48:49 Copy file: /components/com_jshopping/templates/nevigen_uikit/category/category_default.php
2015-02-27 17:48:49 Copy file: /components/com_jshopping/templates/nevigen_uikit/category/maincategory.php
2015-02-27 17:48:49 Copy file: /components/com_jshopping/templates/nevigen_uikit/category/products.php
2015-02-27 17:48:49 Copy file: /components/com_jshopping/templates/nevigen_uikit/checkout/adress.js.php
2015-02-27 17:48:49 Copy file: /components/com_jshopping/templates/nevigen_uikit/checkout/adress.php
2015-02-27 17:48:49 Copy file: /components/com_jshopping/templates/nevigen_uikit/checkout/finish.php
2015-02-27 17:48:49 Copy file: /components/com_jshopping/templates/nevigen_uikit/checkout/menu.php
2015-02-27 17:48:49 Copy file: /components/com_jshopping/templates/nevigen_uikit/checkout/orderemail.php
2015-02-27 17:48:49 Copy file: /components/com_jshopping/templates/nevigen_uikit/checkout/payments.php
2015-02-27 17:48:49 Copy file: /components/com_jshopping/templates/nevigen_uikit/checkout/previewfinish.php
2015-02-27 17:48:49 Copy file: /components/com_jshopping/templates/nevigen_uikit/checkout/shippings.php
2015-02-27 17:48:49 Copy file: /components/com_jshopping/templates/nevigen_uikit/content/content.php
2015-02-27 17:48:49 Copy file: /components/com_jshopping/templates/nevigen_uikit/list_products/block_pagination.php
2015-02-27 17:48:49 Copy file: /components/com_jshopping/templates/nevigen_uikit/list_products/form_filters.php
2015-02-27 17:48:49 Copy file: /components/com_jshopping/templates/nevigen_uikit/list_products/list_products.php
2015-02-27 17:48:49 Copy file: /components/com_jshopping/templates/nevigen_uikit/list_products/no_products.php
2015-02-27 17:48:49 Copy file: /components/com_jshopping/templates/nevigen_uikit/list_products/product.php
2015-02-27 17:48:49 Copy file: /components/com_jshopping/templates/nevigen_uikit/manufacturer/manufacturers.php
2015-02-27 17:48:49 Copy file: /components/com_jshopping/templates/nevigen_uikit/manufacturer/products.php
2015-02-27 17:48:49 Copy file: /components/com_jshopping/templates/nevigen_uikit/order/listorder.php
2015-02-27 17:48:49 Copy file: /components/com_jshopping/templates/nevigen_uikit/order/order.php
2015-02-27 17:48:49 Copy file: /components/com_jshopping/templates/nevigen_uikit/order/statusorder.php
2015-02-27 17:48:49 Copy file: /components/com_jshopping/templates/nevigen_uikit/product/block_image_middle.php
2015-02-27 17:48:49 Copy file: /components/com_jshopping/templates/nevigen_uikit/product/block_image_thumb.php
2015-02-27 17:48:49 Copy file: /components/com_jshopping/templates/nevigen_uikit/product/commentemail.php
2015-02-27 17:48:49 Copy file: /components/com_jshopping/templates/nevigen_uikit/product/demofiles.php
2015-02-27 17:48:49 Copy file: /components/com_jshopping/templates/nevigen_uikit/product/load.js.php
2015-02-27 17:48:49 Copy file: /components/com_jshopping/templates/nevigen_uikit/product/playmedia.php
2015-02-27 17:48:49 Copy file: /components/com_jshopping/templates/nevigen_uikit/product/product_default.php
2015-02-27 17:48:49 Copy file: /components/com_jshopping/templates/nevigen_uikit/product/ratingandhits.php
2015-02-27 17:48:49 Copy file: /components/com_jshopping/templates/nevigen_uikit/product/related.php
2015-02-27 17:48:49 Copy file: /components/com_jshopping/templates/nevigen_uikit/product/review.php
2015-02-27 17:48:49 Copy file: /components/com_jshopping/templates/nevigen_uikit/products/products.php
2015-02-27 17:48:49 Copy file: /components/com_jshopping/templates/nevigen_uikit/search/characteristics.php
2015-02-27 17:48:49 Copy file: /components/com_jshopping/templates/nevigen_uikit/search/form.php
2015-02-27 17:48:49 Copy file: /components/com_jshopping/templates/nevigen_uikit/search/noresult.php
2015-02-27 17:48:49 Copy file: /components/com_jshopping/templates/nevigen_uikit/search/products.php
2015-02-27 17:48:49 Copy file: /components/com_jshopping/templates/nevigen_uikit/user/editaccount.js.php
2015-02-27 17:48:49 Copy file: /components/com_jshopping/templates/nevigen_uikit/user/editaccount.php
2015-02-27 17:48:49 Copy file: /components/com_jshopping/templates/nevigen_uikit/user/groupsinfo.php
2015-02-27 17:48:49 Copy file: /components/com_jshopping/templates/nevigen_uikit/user/login.php
2015-02-27 17:48:49 Copy file: /components/com_jshopping/templates/nevigen_uikit/user/logout.php
2015-02-27 17:48:49 Copy file: /components/com_jshopping/templates/nevigen_uikit/user/myaccount.php
2015-02-27 17:48:49 Copy file: /components/com_jshopping/templates/nevigen_uikit/user/register.js.php
2015-02-27 17:48:49 Copy file: /components/com_jshopping/templates/nevigen_uikit/user/register.php
2015-02-27 17:48:49 Copy file: /components/com_jshopping/templates/nevigen_uikit/vendor/info.php
2015-02-27 17:48:49 Copy file: /components/com_jshopping/templates/nevigen_uikit/vendor/products.php
2015-02-27 17:48:49 Copy file: /components/com_jshopping/templates/nevigen_uikit/vendor/vendors.php
2015-02-27 17:50:55 
Start install: /Users/yajata/Sites/Projects/regul_store/www/tmp/addon_js_uk-template-2.zip
2015-02-27 17:50:55 Copy file: /components/com_jshopping/css/nevigen_uikit.css
2015-02-27 17:50:55 Copy file: /components/com_jshopping/images/review_avatar.svg
2015-02-27 17:50:55 Copy file: /components/com_jshopping/lang/templates/nevigen_uikit/en-GB.php
2015-02-27 17:50:55 Copy file: /components/com_jshopping/lang/templates/nevigen_uikit/ru-RU.php
2015-02-27 17:50:55 Copy file: /components/com_jshopping/templates/nevigen_uikit/uninstall.php
2015-02-27 17:50:55 Copy file: /components/com_jshopping/templates/nevigen_uikit/cart/cart.php
2015-02-27 17:50:55 Copy file: /components/com_jshopping/templates/nevigen_uikit/cart/checkout.php
2015-02-27 17:50:55 Copy file: /components/com_jshopping/templates/nevigen_uikit/cart/wishlist.php
2015-02-27 17:50:55 Copy file: /components/com_jshopping/templates/nevigen_uikit/category/category_default.php
2015-02-27 17:50:55 Copy file: /components/com_jshopping/templates/nevigen_uikit/category/maincategory.php
2015-02-27 17:50:55 Copy file: /components/com_jshopping/templates/nevigen_uikit/category/products.php
2015-02-27 17:50:55 Copy file: /components/com_jshopping/templates/nevigen_uikit/checkout/adress.js.php
2015-02-27 17:50:55 Copy file: /components/com_jshopping/templates/nevigen_uikit/checkout/adress.php
2015-02-27 17:50:55 Copy file: /components/com_jshopping/templates/nevigen_uikit/checkout/finish.php
2015-02-27 17:50:55 Copy file: /components/com_jshopping/templates/nevigen_uikit/checkout/menu.php
2015-02-27 17:50:55 Copy file: /components/com_jshopping/templates/nevigen_uikit/checkout/orderemail.php
2015-02-27 17:50:55 Copy file: /components/com_jshopping/templates/nevigen_uikit/checkout/payments.php
2015-02-27 17:50:55 Copy file: /components/com_jshopping/templates/nevigen_uikit/checkout/previewfinish.php
2015-02-27 17:50:55 Copy file: /components/com_jshopping/templates/nevigen_uikit/checkout/shippings.php
2015-02-27 17:50:55 Copy file: /components/com_jshopping/templates/nevigen_uikit/content/content.php
2015-02-27 17:50:55 Copy file: /components/com_jshopping/templates/nevigen_uikit/list_products/block_pagination.php
2015-02-27 17:50:55 Copy file: /components/com_jshopping/templates/nevigen_uikit/list_products/form_filters.php
2015-02-27 17:50:55 Copy file: /components/com_jshopping/templates/nevigen_uikit/list_products/list_products.php
2015-02-27 17:50:55 Copy file: /components/com_jshopping/templates/nevigen_uikit/list_products/no_products.php
2015-02-27 17:50:55 Copy file: /components/com_jshopping/templates/nevigen_uikit/list_products/product.php
2015-02-27 17:50:55 Copy file: /components/com_jshopping/templates/nevigen_uikit/manufacturer/manufacturers.php
2015-02-27 17:50:55 Copy file: /components/com_jshopping/templates/nevigen_uikit/manufacturer/products.php
2015-02-27 17:50:55 Copy file: /components/com_jshopping/templates/nevigen_uikit/order/listorder.php
2015-02-27 17:50:55 Copy file: /components/com_jshopping/templates/nevigen_uikit/order/order.php
2015-02-27 17:50:55 Copy file: /components/com_jshopping/templates/nevigen_uikit/order/statusorder.php
2015-02-27 17:50:55 Copy file: /components/com_jshopping/templates/nevigen_uikit/product/block_image_middle.php
2015-02-27 17:50:55 Copy file: /components/com_jshopping/templates/nevigen_uikit/product/block_image_thumb.php
2015-02-27 17:50:55 Copy file: /components/com_jshopping/templates/nevigen_uikit/product/commentemail.php
2015-02-27 17:50:55 Copy file: /components/com_jshopping/templates/nevigen_uikit/product/demofiles.php
2015-02-27 17:50:55 Copy file: /components/com_jshopping/templates/nevigen_uikit/product/load.js.php
2015-02-27 17:50:55 Copy file: /components/com_jshopping/templates/nevigen_uikit/product/playmedia.php
2015-02-27 17:50:55 Copy file: /components/com_jshopping/templates/nevigen_uikit/product/product_default.php
2015-02-27 17:50:55 Copy file: /components/com_jshopping/templates/nevigen_uikit/product/ratingandhits.php
2015-02-27 17:50:55 Copy file: /components/com_jshopping/templates/nevigen_uikit/product/related.php
2015-02-27 17:50:55 Copy file: /components/com_jshopping/templates/nevigen_uikit/product/review.php
2015-02-27 17:50:55 Copy file: /components/com_jshopping/templates/nevigen_uikit/products/products.php
2015-02-27 17:50:55 Copy file: /components/com_jshopping/templates/nevigen_uikit/search/characteristics.php
2015-02-27 17:50:55 Copy file: /components/com_jshopping/templates/nevigen_uikit/search/form.php
2015-02-27 17:50:55 Copy file: /components/com_jshopping/templates/nevigen_uikit/search/noresult.php
2015-02-27 17:50:55 Copy file: /components/com_jshopping/templates/nevigen_uikit/search/products.php
2015-02-27 17:50:55 Copy file: /components/com_jshopping/templates/nevigen_uikit/user/editaccount.js.php
2015-02-27 17:50:55 Copy file: /components/com_jshopping/templates/nevigen_uikit/user/editaccount.php
2015-02-27 17:50:55 Copy file: /components/com_jshopping/templates/nevigen_uikit/user/groupsinfo.php
2015-02-27 17:50:55 Copy file: /components/com_jshopping/templates/nevigen_uikit/user/login.php
2015-02-27 17:50:55 Copy file: /components/com_jshopping/templates/nevigen_uikit/user/logout.php
2015-02-27 17:50:55 Copy file: /components/com_jshopping/templates/nevigen_uikit/user/myaccount.php
2015-02-27 17:50:55 Copy file: /components/com_jshopping/templates/nevigen_uikit/user/register.js.php
2015-02-27 17:50:55 Copy file: /components/com_jshopping/templates/nevigen_uikit/user/register.php
2015-02-27 17:50:55 Copy file: /components/com_jshopping/templates/nevigen_uikit/vendor/info.php
2015-02-27 17:50:55 Copy file: /components/com_jshopping/templates/nevigen_uikit/vendor/products.php
2015-02-27 17:50:55 Copy file: /components/com_jshopping/templates/nevigen_uikit/vendor/vendors.php
2015-02-27 17:51:22 
Start install: /Users/yajata/Sites/Projects/regul_store/www/tmp/addon_js_uk-template_4.8.0-2.zip
2015-02-27 17:51:23 Copy file: /components/com_jshopping/css/nevigen_uikit.css
2015-02-27 17:51:23 Copy file: /components/com_jshopping/images/review_avatar.svg
2015-02-27 17:51:23 Copy file: /components/com_jshopping/lang/templates/nevigen_uikit/en-GB.php
2015-02-27 17:51:23 Copy file: /components/com_jshopping/lang/templates/nevigen_uikit/ru-RU.php
2015-02-27 17:51:23 Copy file: /components/com_jshopping/lang/templates/nevigen_uikit/uk-UA.php
2015-02-27 17:51:23 Copy file: /components/com_jshopping/templates/nevigen_uikit/uninstall.php
2015-02-27 17:51:23 Copy file: /components/com_jshopping/templates/nevigen_uikit/cart/cart.php
2015-02-27 17:51:23 Copy file: /components/com_jshopping/templates/nevigen_uikit/cart/checkout.php
2015-02-27 17:51:23 Copy file: /components/com_jshopping/templates/nevigen_uikit/cart/wishlist.php
2015-02-27 17:51:23 Copy file: /components/com_jshopping/templates/nevigen_uikit/category/category_default.php
2015-02-27 17:51:23 Copy file: /components/com_jshopping/templates/nevigen_uikit/category/maincategory.php
2015-02-27 17:51:23 Copy file: /components/com_jshopping/templates/nevigen_uikit/category/products.php
2015-02-27 17:51:23 Copy file: /components/com_jshopping/templates/nevigen_uikit/checkout/adress.js.php
2015-02-27 17:51:23 Copy file: /components/com_jshopping/templates/nevigen_uikit/checkout/adress.php
2015-02-27 17:51:23 Copy file: /components/com_jshopping/templates/nevigen_uikit/checkout/finish.php
2015-02-27 17:51:23 Copy file: /components/com_jshopping/templates/nevigen_uikit/checkout/menu.php
2015-02-27 17:51:23 Copy file: /components/com_jshopping/templates/nevigen_uikit/checkout/orderemail.php
2015-02-27 17:51:23 Copy file: /components/com_jshopping/templates/nevigen_uikit/checkout/payments.php
2015-02-27 17:51:23 Copy file: /components/com_jshopping/templates/nevigen_uikit/checkout/previewfinish.php
2015-02-27 17:51:23 Copy file: /components/com_jshopping/templates/nevigen_uikit/checkout/shippings.php
2015-02-27 17:51:23 Copy file: /components/com_jshopping/templates/nevigen_uikit/content/content.php
2015-02-27 17:51:23 Copy file: /components/com_jshopping/templates/nevigen_uikit/list_products/block_pagination.php
2015-02-27 17:51:23 Copy file: /components/com_jshopping/templates/nevigen_uikit/list_products/form_filters.php
2015-02-27 17:51:23 Copy file: /components/com_jshopping/templates/nevigen_uikit/list_products/list_products.php
2015-02-27 17:51:23 Copy file: /components/com_jshopping/templates/nevigen_uikit/list_products/no_products.php
2015-02-27 17:51:23 Copy file: /components/com_jshopping/templates/nevigen_uikit/list_products/product.php
2015-02-27 17:51:23 Copy file: /components/com_jshopping/templates/nevigen_uikit/manufacturer/manufacturers.php
2015-02-27 17:51:23 Copy file: /components/com_jshopping/templates/nevigen_uikit/manufacturer/products.php
2015-02-27 17:51:23 Copy file: /components/com_jshopping/templates/nevigen_uikit/order/listorder.php
2015-02-27 17:51:23 Copy file: /components/com_jshopping/templates/nevigen_uikit/order/order.php
2015-02-27 17:51:23 Copy file: /components/com_jshopping/templates/nevigen_uikit/order/statusorder.php
2015-02-27 17:51:23 Copy file: /components/com_jshopping/templates/nevigen_uikit/product/block_image_middle.php
2015-02-27 17:51:23 Copy file: /components/com_jshopping/templates/nevigen_uikit/product/block_image_thumb.php
2015-02-27 17:51:23 Copy file: /components/com_jshopping/templates/nevigen_uikit/product/commentemail.php
2015-02-27 17:51:23 Copy file: /components/com_jshopping/templates/nevigen_uikit/product/demofiles.php
2015-02-27 17:51:23 Copy file: /components/com_jshopping/templates/nevigen_uikit/product/load.js.php
2015-02-27 17:51:23 Copy file: /components/com_jshopping/templates/nevigen_uikit/product/playmedia.php
2015-02-27 17:51:23 Copy file: /components/com_jshopping/templates/nevigen_uikit/product/product_default.php
2015-02-27 17:51:23 Copy file: /components/com_jshopping/templates/nevigen_uikit/product/ratingandhits.php
2015-02-27 17:51:23 Copy file: /components/com_jshopping/templates/nevigen_uikit/product/related.php
2015-02-27 17:51:23 Copy file: /components/com_jshopping/templates/nevigen_uikit/product/review.php
2015-02-27 17:51:23 Copy file: /components/com_jshopping/templates/nevigen_uikit/products/products.php
2015-02-27 17:51:23 Copy file: /components/com_jshopping/templates/nevigen_uikit/search/characteristics.php
2015-02-27 17:51:23 Copy file: /components/com_jshopping/templates/nevigen_uikit/search/form.php
2015-02-27 17:51:23 Copy file: /components/com_jshopping/templates/nevigen_uikit/search/noresult.php
2015-02-27 17:51:23 Copy file: /components/com_jshopping/templates/nevigen_uikit/search/products.php
2015-02-27 17:51:23 Copy file: /components/com_jshopping/templates/nevigen_uikit/user/editaccount.js.php
2015-02-27 17:51:23 Copy file: /components/com_jshopping/templates/nevigen_uikit/user/editaccount.php
2015-02-27 17:51:23 Copy file: /components/com_jshopping/templates/nevigen_uikit/user/groupsinfo.php
2015-02-27 17:51:23 Copy file: /components/com_jshopping/templates/nevigen_uikit/user/login.php
2015-02-27 17:51:23 Copy file: /components/com_jshopping/templates/nevigen_uikit/user/logout.php
2015-02-27 17:51:23 Copy file: /components/com_jshopping/templates/nevigen_uikit/user/myaccount.php
2015-02-27 17:51:23 Copy file: /components/com_jshopping/templates/nevigen_uikit/user/register.js.php
2015-02-27 17:51:23 Copy file: /components/com_jshopping/templates/nevigen_uikit/user/register.php
2015-02-27 17:51:23 Copy file: /components/com_jshopping/templates/nevigen_uikit/vendor/info.php
2015-02-27 17:51:23 Copy file: /components/com_jshopping/templates/nevigen_uikit/vendor/products.php
2015-02-27 17:51:23 Copy file: /components/com_jshopping/templates/nevigen_uikit/vendor/vendors.php
2015-03-15 20:50:20 
Start install: /var/www/nimacra/data/www/tmp/JoomShopping-update-4.9.1-4.9.2.zip
2015-03-15 20:50:20 Copy file: /administrator/components/com_jshopping/jshopping.xml
2015-03-15 20:50:20 Copy file: /administrator/components/com_jshopping/lang/ru-RU.php
2015-03-15 20:50:20 Copy file: /components/com_jshopping/css/default.css
2015-03-15 20:50:20 Copy file: /components/com_jshopping/lib/factory.php
2015-03-15 20:50:20 Copy file: /components/com_jshopping/tables/product.php
2015-03-15 20:50:20 Copy file: /components/com_jshopping/templates/default/cart/cart.php
2015-03-15 20:50:20 Copy file: /components/com_jshopping/templates/default/cart/wishlist.php
2015-03-15 20:50:20 Copy file: /components/com_jshopping/templates/default/list_products/product.php
2015-03-15 20:50:20 Copy file: /components/com_jshopping/templates/default/order/listorder.php
2015-03-15 20:50:20 Copy file: /components/com_jshopping/templates/default/product/product_default.php
2015-03-15 20:50:20 Copy file: /components/com_jshopping/templates/default/product/ratingandhits.php
2015-09-10 10:48:55 
Start install: /var/www/nimacra/data/www/tmp/JoomShopping-update-4.9.2-4.10.0.zip
2015-09-10 10:48:55 Copy file: /administrator/components/com_jshopping/functions.php
2015-09-10 10:48:55 Copy file: /administrator/components/com_jshopping/jshopping.php
2015-09-10 10:48:55 Copy file: /administrator/components/com_jshopping/jshopping.xml
2015-09-10 10:48:55 Copy file: /administrator/components/com_jshopping/controllers/addons.php
2015-09-10 10:48:55 Copy file: /administrator/components/com_jshopping/controllers/attributes.php
2015-09-10 10:48:55 Copy file: /administrator/components/com_jshopping/controllers/attributesgroups.php
2015-09-10 10:48:55 Copy file: /administrator/components/com_jshopping/controllers/attributesvalues.php
2015-09-10 10:48:55 Copy file: /administrator/components/com_jshopping/controllers/categories.php
2015-09-10 10:48:55 Copy file: /administrator/components/com_jshopping/controllers/config.php
2015-09-10 10:48:55 Copy file: /administrator/components/com_jshopping/controllers/configdisplayprice.php
2015-09-10 10:48:55 Copy file: /administrator/components/com_jshopping/controllers/countries.php
2015-09-10 10:48:55 Copy file: /administrator/components/com_jshopping/controllers/coupons.php
2015-09-10 10:48:55 Copy file: /administrator/components/com_jshopping/controllers/currencies.php
2015-09-10 10:48:55 Copy file: /administrator/components/com_jshopping/controllers/deliverytimes.php
2015-09-10 10:48:55 Copy file: /administrator/components/com_jshopping/controllers/exttaxes.php
2015-09-10 10:48:55 Copy file: /administrator/components/com_jshopping/controllers/freeattributes.php
2015-09-10 10:48:55 Copy file: /administrator/components/com_jshopping/controllers/importexport.php
2015-09-10 10:48:55 Copy file: /administrator/components/com_jshopping/controllers/info.php
2015-09-10 10:48:55 Copy file: /administrator/components/com_jshopping/controllers/languages.php
2015-09-10 10:48:55 Copy file: /administrator/components/com_jshopping/controllers/logs.php
2015-09-10 10:48:55 Copy file: /administrator/components/com_jshopping/controllers/manufacturers.php
2015-09-10 10:48:55 Copy file: /administrator/components/com_jshopping/controllers/orders.php
2015-09-10 10:48:55 Copy file: /administrator/components/com_jshopping/controllers/orderstatus.php
2015-09-10 10:48:55 Copy file: /administrator/components/com_jshopping/controllers/other.php
2015-09-10 10:48:55 Copy file: /administrator/components/com_jshopping/controllers/panel.php
2015-09-10 10:48:55 Copy file: /administrator/components/com_jshopping/controllers/payments.php
2015-09-10 10:48:55 Copy file: /administrator/components/com_jshopping/controllers/product_list_selectable.php
2015-09-10 10:48:55 Copy file: /administrator/components/com_jshopping/controllers/productfieldgroups.php
2015-09-10 10:48:55 Copy file: /administrator/components/com_jshopping/controllers/productfields.php
2015-09-10 10:48:55 Copy file: /administrator/components/com_jshopping/controllers/productfieldvalues.php
2015-09-10 10:48:55 Copy file: /administrator/components/com_jshopping/controllers/productlabels.php
2015-09-10 10:48:55 Copy file: /administrator/components/com_jshopping/controllers/products.php
2015-09-10 10:48:55 Copy file: /administrator/components/com_jshopping/controllers/reviews.php
2015-09-10 10:48:55 Copy file: /administrator/components/com_jshopping/controllers/shippingextprice.php
2015-09-10 10:48:55 Copy file: /administrator/components/com_jshopping/controllers/shippings.php
2015-09-10 10:48:55 Copy file: /administrator/components/com_jshopping/controllers/shippingsprices.php
2015-09-10 10:48:55 Copy file: /administrator/components/com_jshopping/controllers/statistic.php
2015-09-10 10:48:55 Copy file: /administrator/components/com_jshopping/controllers/taxes.php
2015-09-10 10:48:55 Copy file: /administrator/components/com_jshopping/controllers/units.php
2015-09-10 10:48:55 Copy file: /administrator/components/com_jshopping/controllers/update.php
2015-09-10 10:48:55 Copy file: /administrator/components/com_jshopping/controllers/usergroups.php
2015-09-10 10:48:55 Copy file: /administrator/components/com_jshopping/controllers/users.php
2015-09-10 10:48:55 Copy file: /administrator/components/com_jshopping/controllers/vendors.php
2015-09-10 10:48:55 Copy file: /administrator/components/com_jshopping/css/style.css
2015-09-10 10:48:55 Copy file: /administrator/components/com_jshopping/install/install.sql
2015-09-10 10:48:55 Copy file: /administrator/components/com_jshopping/js/functions.js
2015-09-10 10:48:55 Copy file: /administrator/components/com_jshopping/lang/de-DE.php
2015-09-10 10:48:55 Copy file: /administrator/components/com_jshopping/lang/en-GB.php
2015-09-10 10:48:55 Copy file: /administrator/components/com_jshopping/lang/ru-RU.php
2015-09-10 10:48:55 Copy file: /administrator/components/com_jshopping/models/orders.php
2015-09-10 10:48:55 Copy file: /administrator/components/com_jshopping/models/users.php
2015-09-10 10:48:55 Copy file: /administrator/components/com_jshopping/views/addons/tmpl/list.php
2015-09-10 10:48:55 Copy file: /administrator/components/com_jshopping/views/attributes/tmpl/list.php
2015-09-10 10:48:55 Copy file: /administrator/components/com_jshopping/views/attributesgroups/tmpl/list.php
2015-09-10 10:48:55 Copy file: /administrator/components/com_jshopping/views/attributesvalues/tmpl/list.php
2015-09-10 10:48:55 Copy file: /administrator/components/com_jshopping/views/category/tmpl/list.php
2015-09-10 10:48:55 Copy file: /administrator/components/com_jshopping/views/comments/tmpl/list.php
2015-09-10 10:48:55 Copy file: /administrator/components/com_jshopping/views/config/tmpl/adminfunction.php
2015-09-10 10:48:55 Copy file: /administrator/components/com_jshopping/views/config/tmpl/categoryproduct.php
2015-09-10 10:48:55 Copy file: /administrator/components/com_jshopping/views/config/tmpl/checkout.php
2015-09-10 10:48:55 Copy file: /administrator/components/com_jshopping/views/config/tmpl/currency.php
2015-09-10 10:48:55 Copy file: /administrator/components/com_jshopping/views/config/tmpl/fieldregister.php
2015-09-10 10:48:55 Copy file: /administrator/components/com_jshopping/views/config/tmpl/general.php
2015-09-10 10:48:55 Copy file: /administrator/components/com_jshopping/views/config/tmpl/image.php
2015-09-10 10:48:55 Copy file: /administrator/components/com_jshopping/views/config/tmpl/listseo.php
2015-09-10 10:48:55 Copy file: /administrator/components/com_jshopping/views/config/tmpl/liststatictext.php
2015-09-10 10:48:55 Copy file: /administrator/components/com_jshopping/views/config/tmpl/otherconfig.php
2015-09-10 10:48:55 Copy file: /administrator/components/com_jshopping/views/config/tmpl/storeinfo.php
2015-09-10 10:48:55 Copy file: /administrator/components/com_jshopping/views/config_display_price/tmpl/list.php
2015-09-10 10:48:55 Copy file: /administrator/components/com_jshopping/views/countries/tmpl/list.php
2015-09-10 10:48:55 Copy file: /administrator/components/com_jshopping/views/coupons/tmpl/list.php
2015-09-10 10:48:55 Copy file: /administrator/components/com_jshopping/views/currencies/tmpl/list.php
2015-09-10 10:48:55 Copy file: /administrator/components/com_jshopping/views/deliverytimes/tmpl/list.php
2015-09-10 10:48:55 Copy file: /administrator/components/com_jshopping/views/freeattributes/tmpl/list.php
2015-09-10 10:48:55 Copy file: /administrator/components/com_jshopping/views/import_export_list/tmpl/default.php
2015-09-10 10:48:55 Copy file: /administrator/components/com_jshopping/views/languages_list/tmpl/default.php
2015-09-10 10:48:55 Copy file: /administrator/components/com_jshopping/views/logs/tmpl/list.php
2015-09-10 10:48:55 Copy file: /administrator/components/com_jshopping/views/manufacturer/tmpl/list.php
2015-09-10 10:48:55 Copy file: /administrator/components/com_jshopping/views/orders/tmpl/edit.php
2015-09-10 10:48:55 Copy file: /administrator/components/com_jshopping/views/orders/tmpl/list.php
2015-09-10 10:48:55 Copy file: /administrator/components/com_jshopping/views/orderstatus/tmpl/list.php
2015-09-10 10:48:55 Copy file: /administrator/components/com_jshopping/views/panel/tmpl/config.php
2015-09-10 10:48:55 Copy file: /administrator/components/com_jshopping/views/panel/tmpl/info.php
2015-09-10 10:48:55 Copy file: /administrator/components/com_jshopping/views/panel/tmpl/options.php
2015-09-10 10:48:55 Copy file: /administrator/components/com_jshopping/views/payments/tmpl/list.php
2015-09-10 10:48:55 Copy file: /administrator/components/com_jshopping/views/product_edit/tmpl/product_attribute_select.php
2015-09-10 10:48:55 Copy file: /administrator/components/com_jshopping/views/product_field_groups/tmpl/list.php
2015-09-10 10:48:55 Copy file: /administrator/components/com_jshopping/views/product_field_values/tmpl/list.php
2015-09-10 10:48:55 Copy file: /administrator/components/com_jshopping/views/product_fields/tmpl/list.php
2015-09-10 10:48:55 Copy file: /administrator/components/com_jshopping/views/product_labels/tmpl/list.php
2015-09-10 10:48:55 Copy file: /administrator/components/com_jshopping/views/product_list/tmpl/default.php
2015-09-10 10:48:55 Copy file: /administrator/components/com_jshopping/views/product_list/tmpl/selectable.php
2015-09-10 10:48:55 Copy file: /administrator/components/com_jshopping/views/shippingext/tmpl/list.php
2015-09-10 10:48:55 Copy file: /administrator/components/com_jshopping/views/shippings/tmpl/list.php
2015-09-10 10:48:55 Copy file: /administrator/components/com_jshopping/views/shippingsprices/tmpl/list.php
2015-09-10 10:48:55 Copy file: /administrator/components/com_jshopping/views/statistic/tmpl/default.php
2015-09-10 10:48:55 Copy file: /administrator/components/com_jshopping/views/taxes/tmpl/list.php
2015-09-10 10:48:55 Copy file: /administrator/components/com_jshopping/views/taxes_ext/tmpl/list.php
2015-09-10 10:48:55 Copy file: /administrator/components/com_jshopping/views/units/tmpl/list.php
2015-09-10 10:48:55 Copy file: /administrator/components/com_jshopping/views/update/tmpl/default.php
2015-09-10 10:48:55 Copy file: /administrator/components/com_jshopping/views/usergroups/tmpl/list.php
2015-09-10 10:48:55 Copy file: /administrator/components/com_jshopping/views/users/tmpl/list.php
2015-09-10 10:48:55 Copy file: /administrator/components/com_jshopping/views/vendors/tmpl/list.php
2015-09-10 10:48:55 Copy file: /components/com_jshopping/router.php
2015-09-10 10:48:55 Copy file: /components/com_jshopping/controllers/cart.php
2015-09-10 10:48:55 Copy file: /components/com_jshopping/controllers/checkout.php
2015-09-10 10:48:55 Copy file: /components/com_jshopping/controllers/product.php
2015-09-10 10:48:55 Copy file: /components/com_jshopping/controllers/user.php
2015-09-10 10:48:55 Copy file: /components/com_jshopping/js/functions.js
2015-09-10 10:48:55 Copy file: /components/com_jshopping/lib/default_config.php
2015-09-10 10:48:55 Copy file: /components/com_jshopping/lib/factory.php
2015-09-10 10:48:55 Copy file: /components/com_jshopping/lib/functions.php
2015-09-10 10:48:55 Copy file: /components/com_jshopping/lib/image.lib.php
2015-09-10 10:48:55 Copy file: /components/com_jshopping/models/cart.php
2015-09-10 10:48:55 Copy file: /components/com_jshopping/models/checkout.php
2015-09-10 10:48:55 Copy file: /components/com_jshopping/tables/config.php
2015-09-10 10:48:55 Copy file: /components/com_jshopping/tables/paymentmethod.php
2015-09-10 10:48:55 Copy file: /components/com_jshopping/tables/product.php
2015-09-10 10:48:55 Copy file: /components/com_jshopping/tables/shippingmethod.php
2015-09-10 10:48:55 Copy file: /components/com_jshopping/templates/default/cart/cart.php
2015-09-10 10:48:55 Copy file: /components/com_jshopping/templates/default/user/login.php
2015-09-10 10:48:55 Copy file: /components/com_jshopping/templates/default/user/logout.php
2015-09-10 10:49:02 
Start install: /var/www/nimacra/data/www/tmp/JoomShopping-update-4.10.0-4.10.1.zip
2015-09-10 10:49:02 Copy file: /administrator/components/com_jshopping/jshopping.xml
2015-09-10 10:49:02 Copy file: /administrator/components/com_jshopping/controllers/manufacturers.php
2015-09-10 10:49:02 Copy file: /administrator/components/com_jshopping/controllers/products.php
2015-09-10 10:49:02 Copy file: /administrator/components/com_jshopping/controllers/users.php
2015-09-10 10:49:02 Copy file: /administrator/components/com_jshopping/models/categories.php
2015-09-10 10:49:02 Copy file: /administrator/components/com_jshopping/models/products.php
2015-09-10 10:49:02 Copy file: /components/com_jshopping/css/jquery.lightbox.css
2015-09-10 10:49:02 Copy file: /components/com_jshopping/js/jquery/jquery.lightbox.js
2015-09-10 10:49:02 Copy file: /components/com_jshopping/lib/default_config.php
2015-09-10 10:49:02 Copy file: /components/com_jshopping/lib/factory.php
2015-09-10 10:49:02 Copy file: /components/com_jshopping/payments/pm_sofortueberweisung/pm_sofortueberweisung.php
2015-09-10 10:49:07 
Start install: /var/www/nimacra/data/www/tmp/JoomShopping-update-4.10.1-4.10.2.zip
2015-09-10 10:49:07 Copy file: /administrator/components/com_jshopping/jshopping.xml
2015-09-10 10:49:07 Copy file: /administrator/components/com_jshopping/controllers/currencies.php
2015-09-10 10:49:07 Copy file: /administrator/components/com_jshopping/models/currencies.php
2015-09-10 10:49:07 Copy file: /administrator/components/com_jshopping/views/update/tmpl/default.php
2015-09-10 10:49:07 Copy file: /components/com_jshopping/tables/product.php
2015-09-10 10:49:07 Copy file: /components/com_jshopping/templates/default/order/statusorder.php
2015-09-10 10:49:07 Copy file: /components/com_jshopping/templates/default/product/product_default.php
2015-09-10 10:49:13 
Start install: /var/www/nimacra/data/www/tmp/JoomShopping-update-4.10.2-4.10.3.zip
2015-09-10 10:49:13 Copy file: /administrator/components/com_jshopping/jshopping.xml
2015-09-10 10:49:13 Copy file: /administrator/components/com_jshopping/lang/de-DE.php
2015-09-10 10:49:13 Copy file: /administrator/components/com_jshopping/views/addonkey/tmpl/default.php
2015-09-10 10:49:13 Copy file: /components/com_jshopping/lang/de-DE.php
2015-09-10 10:49:13 Copy file: /components/com_jshopping/lib/default_config.php
2015-09-10 10:49:13 Copy file: /components/com_jshopping/tables/addon.php
2015-09-10 10:49:13 Copy file: /components/com_jshopping/tables/product.php
2015-09-10 10:49:17 
Start install: /var/www/nimacra/data/www/tmp/JoomShopping-update-4.10.3-4.10.4.zip
2015-09-10 10:49:17 Copy file: /administrator/components/com_jshopping/jshopping.xml
2015-09-10 10:49:17 Copy file: /administrator/components/com_jshopping/models/categories.php
2015-09-10 10:49:17 Copy file: /administrator/components/com_jshopping/models/products.php
2015-09-10 10:49:17 Copy file: /administrator/components/com_jshopping/views/config/tmpl/adminfunction.php
2015-09-10 10:49:17 Copy file: /administrator/components/com_jshopping/views/coupons/tmpl/list.php
2015-09-10 10:49:17 Copy file: /administrator/components/com_jshopping/views/product_edit/tmpl/info.php
2015-09-10 10:49:17 Copy file: /components/com_jshopping/loadparams.php
2015-09-10 10:49:17 Copy file: /components/com_jshopping/router.php
2015-09-10 10:49:17 Copy file: /components/com_jshopping/controllers/checkout.php
2015-09-10 10:49:17 Copy file: /components/com_jshopping/lib/default_config.php
2015-09-10 10:49:17 Copy file: /components/com_jshopping/lib/factory.php
2015-09-10 10:49:17 Copy file: /components/com_jshopping/lib/functions.php
2015-09-10 10:49:17 Copy file: /components/com_jshopping/tables/config.php
2015-10-11 21:16:27 
Start install: /var/www/nimacra/data/www/tmp/JoomShopping-update-4.10.4-4.10.5.zip
2015-10-11 21:16:27 Copy file: /administrator/components/com_jshopping/jshopping.xml
2015-10-11 21:16:27 Copy file: /administrator/components/com_jshopping/controllers/categories.php
2015-10-11 21:16:27 Copy file: /administrator/components/com_jshopping/controllers/update.php
2015-10-11 21:16:27 Copy file: /components/com_jshopping/addons/addon_core.php
2015-10-11 21:16:27 Copy file: /components/com_jshopping/controllers/user.php
2015-10-11 21:16:27 Copy file: /components/com_jshopping/lib/functions.php
2015-10-11 21:16:27 Copy file: /components/com_jshopping/tables/shippingmethodprice.php
2015-10-11 21:16:27 Copy file: /components/com_jshopping/templates/default/category/category_default.php
2015-10-11 21:16:27 Copy file: /components/com_jshopping/templates/default/category/maincategory.php
2015-10-11 21:16:27 Copy file: /components/com_jshopping/templates/default/list_products/list_products.php
2015-10-11 21:16:27 Copy file: /components/com_jshopping/templates/default/product/product_default.php
2015-10-11 21:16:27 Copy file: /components/com_jshopping/views/addons/view.html.php
2015-10-22 17:43:16 
Start install: /var/www/nimacra/data/www/tmp/JoomShopping-update-4.10.5-4.11.0.zip
2015-10-22 17:43:16 Copy file: /administrator/components/com_jshopping/jshopping.php
2015-10-22 17:43:16 Copy file: /administrator/components/com_jshopping/jshopping.xml
2015-10-22 17:43:16 Copy file: /administrator/components/com_jshopping/controllers/attributes.php
2015-10-22 17:43:16 Copy file: /administrator/components/com_jshopping/controllers/attributesvalues.php
2015-10-22 17:43:16 Copy file: /administrator/components/com_jshopping/controllers/orders.php
2015-10-22 17:43:16 Copy file: /administrator/components/com_jshopping/controllers/products.php
2015-10-22 17:43:16 Copy file: /administrator/components/com_jshopping/controllers/shippingsprices.php
2015-10-22 17:43:16 Copy file: /administrator/components/com_jshopping/controllers/update.php
2015-10-22 17:43:16 Copy file: /administrator/components/com_jshopping/controllers/users.php
2015-10-22 17:43:16 Copy file: /administrator/components/com_jshopping/importexport/iecontroller.php
2015-10-22 17:43:16 Copy file: /administrator/components/com_jshopping/importexport/simpleexport/simpleexport.php
2015-10-22 17:43:16 Copy file: /administrator/components/com_jshopping/js/functions.js
2015-10-22 17:43:16 Copy file: /administrator/components/com_jshopping/models/attribut.php
2015-10-22 17:43:16 Copy file: /administrator/components/com_jshopping/models/attributvalue.php
2015-10-22 17:43:16 Copy file: /administrator/components/com_jshopping/models/categories.php
2015-10-22 17:43:16 Copy file: /administrator/components/com_jshopping/models/orders.php
2015-10-22 17:43:16 Copy file: /administrator/components/com_jshopping/models/products.php
2015-10-22 17:43:16 Copy file: /administrator/components/com_jshopping/views/orders/tmpl/edit.php
2015-10-22 17:43:16 Copy file: /administrator/components/com_jshopping/views/orders/tmpl/list.php
2015-10-22 17:43:16 Copy file: /administrator/components/com_jshopping/views/orders/tmpl/show.php
2015-10-22 17:43:16 Copy file: /administrator/components/com_jshopping/views/product_edit/tmpl/default.php
2015-10-22 17:43:16 Copy file: /administrator/components/com_jshopping/views/product_edit/tmpl/files.php
2015-10-22 17:43:16 Copy file: /administrator/components/com_jshopping/views/product_list/tmpl/default.php
2015-10-22 17:43:16 Copy file: /components/com_jshopping/jshopping.php
2015-10-22 17:43:16 Copy file: /components/com_jshopping/loadparams.php
2015-10-22 17:43:16 Copy file: /components/com_jshopping/router.php
2015-10-22 17:43:16 Copy file: /components/com_jshopping/addons/addon_core.php
2015-10-22 17:43:16 Copy file: /components/com_jshopping/controllers/base.php
2015-10-22 17:43:16 Copy file: /components/com_jshopping/controllers/cart.php
2015-10-22 17:43:16 Copy file: /components/com_jshopping/controllers/category.php
2015-10-22 17:43:16 Copy file: /components/com_jshopping/controllers/checkout.php
2015-10-22 17:43:16 Copy file: /components/com_jshopping/controllers/content.php
2015-10-22 17:43:16 Copy file: /components/com_jshopping/controllers/importexport.php
2015-10-22 17:43:16 Copy file: /components/com_jshopping/controllers/manufacturer.php
2015-10-22 17:43:16 Copy file: /components/com_jshopping/controllers/product.php
2015-10-22 17:43:16 Copy file: /components/com_jshopping/controllers/products.php
2015-10-22 17:43:16 Copy file: /components/com_jshopping/controllers/search.php
2015-10-22 17:43:16 Copy file: /components/com_jshopping/controllers/user.php
2015-10-22 17:43:16 Copy file: /components/com_jshopping/controllers/vendor.php
2015-10-22 17:43:16 Copy file: /components/com_jshopping/controllers/wishlist.php
2015-10-22 17:43:16 Copy file: /components/com_jshopping/helpers/cart.php
2015-10-22 17:43:16 Copy file: /components/com_jshopping/helpers/category.php
2015-10-22 17:43:16 Copy file: /components/com_jshopping/helpers/metadata.php
2015-10-22 17:43:16 Copy file: /components/com_jshopping/helpers/request.php
2015-10-22 17:43:16 Copy file: /components/com_jshopping/helpers/selectoptions.php
2015-10-22 17:43:16 Copy file: /components/com_jshopping/helpers/selects.php
2015-10-22 17:43:16 Copy file: /components/com_jshopping/lang/de-DE.php
2015-10-22 17:43:16 Copy file: /components/com_jshopping/lang/en-GB.php
2015-10-22 17:43:16 Copy file: /components/com_jshopping/lang/ru-RU.php
2015-10-22 17:43:16 Copy file: /components/com_jshopping/lib/default_config.php
2015-10-22 17:43:16 Copy file: /components/com_jshopping/lib/factory.php
2015-10-22 17:43:16 Copy file: /components/com_jshopping/lib/functions.php
2015-10-22 17:43:16 Copy file: /components/com_jshopping/lib/jtableauto.php
2015-10-22 17:43:16 Copy file: /components/com_jshopping/lib/shop_core_file.php
2015-10-22 17:43:16 Copy file: /components/com_jshopping/lib/shop_item_menu.php
2015-10-22 17:43:16 Copy file: /components/com_jshopping/lib/tree_object_list.php
2015-10-22 17:43:16 Copy file: /components/com_jshopping/models/base.php
2015-10-22 17:43:16 Copy file: /components/com_jshopping/models/cart.php
2015-10-22 17:43:16 Copy file: /components/com_jshopping/models/cartpreview.php
2015-10-22 17:43:16 Copy file: /components/com_jshopping/models/checkout.php
2015-10-22 17:43:16 Copy file: /components/com_jshopping/models/checkoutbuy.php
2015-10-22 17:43:16 Copy file: /components/com_jshopping/models/checkoutfinish.php
2015-10-22 17:43:16 Copy file: /components/com_jshopping/models/checkoutorder.php
2015-10-22 17:43:16 Copy file: /components/com_jshopping/models/checkoutpayment.php
2015-10-22 17:43:16 Copy file: /components/com_jshopping/models/checkoutshipping.php
2015-10-22 17:43:16 Copy file: /components/com_jshopping/models/checkoutstep.php
2015-10-22 17:43:16 Copy file: /components/com_jshopping/models/contentpage.php
2015-10-22 17:43:16 Copy file: /components/com_jshopping/models/importexportstart.php
2015-10-22 17:43:16 Copy file: /components/com_jshopping/models/mail.php
2015-10-22 17:43:16 Copy file: /components/com_jshopping/models/orderchangestatus.php
2015-10-22 17:43:16 Copy file: /components/com_jshopping/models/ordermail.php
2015-10-22 17:43:16 Copy file: /components/com_jshopping/models/productajaxrequest.php
2015-10-22 17:43:16 Copy file: /components/com_jshopping/models/productdownload.php
2015-10-22 17:43:16 Copy file: /components/com_jshopping/models/productlist.php
2015-10-22 17:43:16 Copy file: /components/com_jshopping/models/productlistinterface.php
2015-10-22 17:43:16 Copy file: /components/com_jshopping/models/productreview.php
2015-10-22 17:43:16 Copy file: /components/com_jshopping/models/productreviewlist.php
2015-10-22 17:43:16 Copy file: /components/com_jshopping/models/productsbestseller.php
2015-10-22 17:43:16 Copy file: /components/com_jshopping/models/productshop.php
2015-10-22 17:43:16 Copy file: /components/com_jshopping/models/productslabel.php
2015-10-22 17:43:16 Copy file: /components/com_jshopping/models/productslast.php
2015-10-22 17:43:16 Copy file: /components/com_jshopping/models/productsrandom.php
2015-10-22 17:43:16 Copy file: /components/com_jshopping/models/productssearch.php
2015-10-22 17:43:16 Copy file: /components/com_jshopping/models/productstophits.php
2015-10-22 17:43:16 Copy file: /components/com_jshopping/models/productstoprating.php
2015-10-22 17:43:16 Copy file: /components/com_jshopping/models/reviewmail.php
2015-10-22 17:43:16 Copy file: /components/com_jshopping/models/search.php
2015-10-22 17:43:16 Copy file: /components/com_jshopping/models/searchrequest.php
2015-10-22 17:43:16 Copy file: /components/com_jshopping/models/tempcart.php
2015-10-22 17:43:16 Copy file: /components/com_jshopping/models/useractivate.php
2015-10-22 17:43:16 Copy file: /components/com_jshopping/models/userbase.php
2015-10-22 17:43:16 Copy file: /components/com_jshopping/models/useredit.php
2015-10-22 17:43:16 Copy file: /components/com_jshopping/models/userguest.php
2015-10-22 17:43:16 Copy file: /components/com_jshopping/models/userlogin.php
2015-10-22 17:43:16 Copy file: /components/com_jshopping/models/usermailactivation.php
2015-10-22 17:43:16 Copy file: /components/com_jshopping/models/usermailregister.php
2015-10-22 17:43:16 Copy file: /components/com_jshopping/models/userorder.php
2015-10-22 17:43:16 Copy file: /components/com_jshopping/models/userorders.php
2015-10-22 17:43:16 Copy file: /components/com_jshopping/models/userregister.php
2015-10-22 17:43:16 Copy file: /components/com_jshopping/models/vendorlist.php
2015-10-22 17:43:16 Copy file: /components/com_jshopping/payments/payment.php
2015-10-22 17:43:16 Copy file: /components/com_jshopping/shippingform/shippingform.php
2015-10-22 17:43:16 Copy file: /components/com_jshopping/tables/addon.php
2015-10-22 17:43:16 Copy file: /components/com_jshopping/tables/attribut.php
2015-10-22 17:43:16 Copy file: /components/com_jshopping/tables/attributesgroup.php
2015-10-22 17:43:16 Copy file: /components/com_jshopping/tables/attributvalue.php
2015-10-22 17:43:16 Copy file: /components/com_jshopping/tables/category.php
2015-10-22 17:43:16 Copy file: /components/com_jshopping/tables/config.php
2015-10-22 17:43:16 Copy file: /components/com_jshopping/tables/configdisplayprice.php
2015-10-22 17:43:16 Copy file: /components/com_jshopping/tables/country.php
2015-10-22 17:43:16 Copy file: /components/com_jshopping/tables/coupon.php
2015-10-22 17:43:16 Copy file: /components/com_jshopping/tables/currency.php
2015-10-22 17:43:16 Copy file: /components/com_jshopping/tables/deliverytimes.php
2015-10-22 17:43:16 Copy file: /components/com_jshopping/tables/freeattribut.php
2015-10-22 17:43:16 Copy file: /components/com_jshopping/tables/image.php
2015-10-22 17:43:16 Copy file: /components/com_jshopping/tables/importexport.php
2015-10-22 17:43:16 Copy file: /components/com_jshopping/tables/language.php
2015-10-22 17:43:16 Copy file: /components/com_jshopping/tables/manufacturer.php
2015-10-22 17:43:16 Copy file: /components/com_jshopping/tables/multilang.php
2015-10-22 17:43:16 Copy file: /components/com_jshopping/tables/order.php
2015-10-22 17:43:16 Copy file: /components/com_jshopping/tables/orderhistory.php
2015-10-22 17:43:16 Copy file: /components/com_jshopping/tables/orderitem.php
2015-10-22 17:43:16 Copy file: /components/com_jshopping/tables/orderstatus.php
2015-10-22 17:43:16 Copy file: /components/com_jshopping/tables/paymentmethod.php
2015-10-22 17:43:16 Copy file: /components/com_jshopping/tables/paymenttrx.php
2015-10-22 17:43:16 Copy file: /components/com_jshopping/tables/paymenttrxdata.php
2015-10-22 17:43:16 Copy file: /components/com_jshopping/tables/product.php
2015-10-22 17:43:16 Copy file: /components/com_jshopping/tables/productattribut.php
2015-10-22 17:43:16 Copy file: /components/com_jshopping/tables/productattribut2.php
2015-10-22 17:43:16 Copy file: /components/com_jshopping/tables/productfield.php
2015-10-22 17:43:16 Copy file: /components/com_jshopping/tables/productfieldgroup.php
2015-10-22 17:43:16 Copy file: /components/com_jshopping/tables/productfieldvalue.php
2015-10-22 17:43:16 Copy file: /components/com_jshopping/tables/productfiles.php
2015-10-22 17:43:16 Copy file: /components/com_jshopping/tables/productlabel.php
2015-10-22 17:43:16 Copy file: /components/com_jshopping/tables/productoption.php
2015-10-22 17:43:16 Copy file: /components/com_jshopping/tables/productprice.php
2015-10-22 17:43:16 Copy file: /components/com_jshopping/tables/productvideo.php
2015-10-22 17:43:16 Copy file: /components/com_jshopping/tables/review.php
2015-10-22 17:43:16 Copy file: /components/com_jshopping/tables/seo.php
2015-10-22 17:43:16 Copy file: /components/com_jshopping/tables/shippingext.php
2015-10-22 17:43:16 Copy file: /components/com_jshopping/tables/shippingmethod.php
2015-10-22 17:43:16 Copy file: /components/com_jshopping/tables/shippingmethodprice.php
2015-10-22 17:43:16 Copy file: /components/com_jshopping/tables/shippingmethodpriceweight.php
2015-10-22 17:43:16 Copy file: /components/com_jshopping/tables/statictext.php
2015-10-22 17:43:16 Copy file: /components/com_jshopping/tables/tax.php
2015-10-22 17:43:16 Copy file: /components/com_jshopping/tables/taxext.php
2015-10-22 17:43:16 Copy file: /components/com_jshopping/tables/unit.php
2015-10-22 17:43:16 Copy file: /components/com_jshopping/tables/usergroup.php
2015-10-22 17:43:16 Copy file: /components/com_jshopping/tables/usershop.php
2015-10-22 17:43:16 Copy file: /components/com_jshopping/tables/usershopbase.php
2015-10-22 17:43:16 Copy file: /components/com_jshopping/tables/vendor.php
2015-10-22 17:43:16 Copy file: /components/com_jshopping/templates/default/cart/cart.php
2015-10-22 17:43:16 Copy file: /components/com_jshopping/templates/default/category/category_default.php
2015-10-22 17:43:16 Copy file: /components/com_jshopping/templates/default/checkout/orderemail.php
2015-10-22 17:43:16 Copy file: /components/com_jshopping/templates/default/checkout/step6iframe.php
2015-10-22 17:43:16 Copy file: /components/com_jshopping/templates/default/order/order.php
2015-10-22 17:43:16 Copy file: /components/com_jshopping/templates/default/user/editaccount.php
2015-10-22 17:43:16 Copy file: /components/com_jshopping/views/addons/view.html.php
2015-11-01 13:49:11 
Start install: /var/www/nimacra/data/www/tmp/JoomShopping-update-4.11.0-4.11.1.zip
2015-11-01 13:49:11 Copy file: /administrator/components/com_jshopping/jshopping.xml
2015-11-01 13:49:11 Copy file: /administrator/components/com_jshopping/controllers/orders.php
2015-11-01 13:49:11 Copy file: /administrator/components/com_jshopping/controllers/products.php
2015-11-01 13:49:11 Copy file: /administrator/components/com_jshopping/css/style.css
2015-11-01 13:49:11 Copy file: /administrator/components/com_jshopping/views/config/tmpl/fieldregister.php
2015-11-01 13:49:11 Copy file: /administrator/components/com_jshopping/views/orders/tmpl/edit.php
2015-11-01 13:49:11 Copy file: /administrator/components/com_jshopping/views/orders/tmpl/show.php
2015-11-01 13:49:11 Copy file: /components/com_jshopping/controllers/checkout.php
2015-11-01 13:49:11 Copy file: /components/com_jshopping/controllers/product.php
2015-11-01 13:49:11 Copy file: /components/com_jshopping/models/base.php
2015-11-01 13:49:11 Copy file: /components/com_jshopping/models/ordermail.php
2015-11-01 13:49:11 Copy file: /components/com_jshopping/models/productajaxrequest.php
2015-11-01 13:49:11 Copy file: /components/com_jshopping/models/productreviewlist.php
2015-11-01 13:49:11 Copy file: /components/com_jshopping/models/userregister.php
2015-11-01 13:49:11 Copy file: /components/com_jshopping/templates/default/checkout/orderemail.php
2015-11-01 13:49:11 Copy file: /components/com_jshopping/templates/default/order/listorder.php
2015-11-01 13:49:11 Copy file: /components/com_jshopping/templates/default/order/order.php
2015-11-01 13:49:11 Copy file: /components/com_jshopping/views/addons/view.html.php
2016-01-05 18:33:39 
Start install: /var/www/nimacra/data/www/regul-n.ru/tmp/JoomShopping-update-4.11.1-4.11.2.zip
2016-01-05 18:33:39 Copy file: /administrator/components/com_jshopping/jshopping.xml
2016-01-05 18:33:39 Copy file: /administrator/components/com_jshopping/controllers/orders.php
2016-01-05 18:33:39 Copy file: /administrator/components/com_jshopping/install/install.sql
2016-01-05 18:33:39 Copy file: /administrator/components/com_jshopping/lang/de-DE.php
2016-01-05 18:33:39 Copy file: /administrator/components/com_jshopping/lang/en-GB.php
2016-01-05 18:33:39 Copy file: /administrator/components/com_jshopping/lang/ru-RU.php
2016-01-05 18:33:39 Copy file: /administrator/components/com_jshopping/models/orders.php
2016-01-05 18:33:39 Copy file: /administrator/components/com_jshopping/views/product_edit/tmpl/images.php
2016-01-05 18:33:39 Copy file: /administrator/components/com_jshopping/views/users/tmpl/edit.php
2016-01-05 18:33:39 Copy file: /components/com_jshopping/lib/default_config.php
2016-01-05 18:33:39 Copy file: /components/com_jshopping/lib/functions.php
2016-01-05 18:33:39 Copy file: /components/com_jshopping/lib/generete_pdf_order.php
2016-01-05 18:33:39 Copy file: /components/com_jshopping/lib/jtableauto.php
2016-01-05 18:33:39 Copy file: /components/com_jshopping/models/cart.php
2016-01-05 18:33:39 Copy file: /components/com_jshopping/models/ordermail.php
2016-01-05 18:33:39 Copy file: /components/com_jshopping/tables/order.php
2016-01-05 18:33:39 Copy file: /components/com_jshopping/templates/default/checkout/orderemail.php
2016-01-05 18:33:44 
Start install: /var/www/nimacra/data/www/regul-n.ru/tmp/JoomShopping-update-4.11.2-4.11.3.zip
2016-01-05 18:33:44 Copy file: /administrator/components/com_jshopping/jshopping.xml
2016-01-05 18:33:44 Copy file: /administrator/components/com_jshopping/controllers/config.php
2016-01-05 18:33:44 Copy file: /administrator/components/com_jshopping/controllers/update.php
2016-01-05 18:33:44 Copy file: /administrator/components/com_jshopping/lang/de-DE.php
2016-01-05 18:33:44 Copy file: /administrator/components/com_jshopping/lang/en-GB.php
2016-01-05 18:33:44 Copy file: /administrator/components/com_jshopping/lang/ru-RU.php
2016-01-05 18:33:44 Copy file: /administrator/components/com_jshopping/views/config/tmpl/editstatictext.php
2016-01-05 18:33:44 Copy file: /components/com_jshopping/lib/default_config.php
2016-01-05 18:33:44 Copy file: /components/com_jshopping/models/cart.php
2016-01-05 18:33:47 
Start install: /var/www/nimacra/data/www/regul-n.ru/tmp/JoomShopping-update-4.11.3-4.11.4.zip
2016-01-05 18:33:47 Copy file: /administrator/components/com_jshopping/jshopping.xml
2016-01-05 18:33:47 Copy file: /administrator/components/com_jshopping/controllers/config.php
2016-01-05 18:33:47 Copy file: /administrator/components/com_jshopping/controllers/orders.php
2016-01-05 18:33:47 Copy file: /components/com_jshopping/models/ordermail.php
2016-01-05 18:33:47 Copy file: /components/com_jshopping/models/userguest.php
2016-01-05 18:33:47 Copy file: /components/com_jshopping/tables/order.php
2016-01-05 18:33:50 
Start install: /var/www/nimacra/data/www/regul-n.ru/tmp/JoomShopping-update-4.11.4-4.11.5.zip
2016-01-05 18:33:50 Copy file: /administrator/components/com_jshopping/jshopping.xml
2016-01-05 18:33:50 Copy file: /components/com_jshopping/lib/default_config.php
2016-01-05 18:33:50 Copy file: /components/com_jshopping/lib/functions.php
2016-01-05 18:33:50 Copy file: /components/com_jshopping/lib/generete_pdf_order.php
2016-01-05 18:33:50 Copy file: /components/com_jshopping/models/checkoutorder.php
2016-01-05 18:33:50 Copy file: /components/com_jshopping/models/productajaxrequest.php
2016-01-05 18:33:50 Copy file: /components/com_jshopping/models/searchrequest.php
2016-01-05 18:33:50 Copy file: /components/com_jshopping/payments/payment.php
2016-01-05 18:33:50 Copy file: /components/com_jshopping/tables/product.php
2016-01-05 18:33:50 Copy file: /components/com_jshopping/tables/usergroup.php
2016-01-05 18:33:50 Copy file: /components/com_jshopping/templates/default/product/product_default.php
2016-01-31 20:31:49 
Start install: /Volumes/Web/www/regul-n.ru/tmp/addon_rus_invoices_for_payment_1.0.5.zip
2016-01-31 20:31:50 Copy file: /components/com_jshopping/addons/index.html
2016-01-31 20:31:50 Copy file: /components/com_jshopping/addons/rus_invoices_for_payment/config.tmpl.php
2016-01-31 20:31:50 Copy file: /components/com_jshopping/addons/rus_invoices_for_payment/index.html
2016-01-31 20:31:50 Copy file: /components/com_jshopping/addons/rus_invoices_for_payment/uninstall.php
2016-01-31 20:31:50 Copy file: /components/com_jshopping/lang/addon_rus_invoices_for_payment/de-DE.php
2016-01-31 20:31:50 Copy file: /components/com_jshopping/lang/addon_rus_invoices_for_payment/en-GB.php
2016-01-31 20:31:50 Copy file: /components/com_jshopping/lang/addon_rus_invoices_for_payment/ru-RU.php
2016-01-31 20:31:50 Copy file: /plugins/jshoppingorder/addon_rus_invoices_for_payment/addon_rus_invoices_for_payment.php
2016-01-31 20:31:50 Copy file: /plugins/jshoppingorder/addon_rus_invoices_for_payment/addon_rus_invoices_for_payment.xml
2016-01-31 20:31:59 
Start install: /Volumes/Web/www/regul-n.ru/tmp/addon_lang_editor_1.0.3.zip
2016-01-31 20:32:01 Copy file: /administrator/components/com_jshopping/controllers/langpackedit.php
2016-01-31 20:32:01 Copy file: /administrator/components/com_jshopping/views/langpackedit/view.html.php
2016-01-31 20:32:01 Copy file: /administrator/components/com_jshopping/views/langpackedit/tmpl/default.php
2016-01-31 20:32:01 Copy file: /components/com_jshopping/addons/addon_lang_translator/index.html
2016-01-31 20:32:01 Copy file: /components/com_jshopping/addons/addon_lang_translator/uninstall.php
2016-01-31 20:32:01 Copy file: /components/com_jshopping/lang/addon_lang_translator/de-DE.php
2016-01-31 20:32:01 Copy file: /components/com_jshopping/lang/addon_lang_translator/en-GB.php
2016-01-31 20:32:02 Copy file: /components/com_jshopping/lang/addon_lang_translator/ru-RU.php
2016-01-31 20:32:02 Copy file: /plugins/jshoppingmenu/addon_lang_translator/addon_lang_translator.php
2016-01-31 20:32:02 Copy file: /plugins/jshoppingmenu/addon_lang_translator/addon_lang_translator.xml
2016-01-31 20:32:12 
Start install: /Volumes/Web/www/regul-n.ru/tmp/addon_jshopping_product_seo_1.0.2.zip
2016-01-31 20:32:12 Copy file: /components/com_jshopping/addons/jshopping_product_seo/index.html
2016-01-31 20:32:12 Copy file: /components/com_jshopping/addons/jshopping_product_seo/uninstall.php
2016-01-31 20:32:12 Copy file: /components/com_jshopping/lang/addon_jshopping_product_seo/de-DE.php
2016-01-31 20:32:12 Copy file: /components/com_jshopping/lang/addon_jshopping_product_seo/en-GB.php
2016-01-31 20:32:12 Copy file: /components/com_jshopping/lang/addon_jshopping_product_seo/ru-RU.php
2016-01-31 20:32:12 Copy file: /plugins/jshoppingadmin/jshopping_product_seo/jshopping_product_seo.php
2016-01-31 20:32:12 Copy file: /plugins/jshoppingadmin/jshopping_product_seo/jshopping_product_seo.xml
2016-01-31 20:32:12 Copy file: /plugins/jshoppingrouter/jshopping_product_seo/jshopping_product_seo.php
2016-01-31 20:32:12 Copy file: /plugins/jshoppingrouter/jshopping_product_seo/jshopping_product_seo.xml
2016-03-25 12:56:58 
Start install: /Users/yajata/var/www/regul-n.ru/tmp/JoomShopping-update-4.11.5-4.11.6.zip
2016-03-25 12:56:58 Copy file: /administrator/components/com_jshopping/jshopping.xml
2016-03-25 12:56:58 Copy file: /components/com_jshopping/lib/jsuri.php
2016-03-25 12:56:58 Copy file: /components/com_jshopping/lib/shop_core_file.php
2016-03-25 12:56:58 Copy file: /components/com_jshopping/models/userlogin.php
2016-03-25 12:56:58 Copy file: /components/com_jshopping/tables/order.php
2016-03-25 12:57:02 
Start install: /Users/yajata/var/www/regul-n.ru/tmp/JoomShopping-update-4.11.6-4.12.0.zip
2016-03-25 12:57:02 Copy file: /administrator/components/com_jshopping/jshopping.xml
2016-03-25 12:57:02 Copy file: /administrator/components/com_jshopping/controllers/coupons.php
2016-03-25 12:57:02 Copy file: /administrator/components/com_jshopping/lang/de-DE.php
2016-03-25 12:57:02 Copy file: /administrator/components/com_jshopping/lang/en-GB.php
2016-03-25 12:57:02 Copy file: /administrator/components/com_jshopping/lang/ru-RU.php
2016-03-25 12:57:02 Copy file: /administrator/components/com_jshopping/views/config/tmpl/image.php
2016-03-25 12:57:02 Copy file: /administrator/components/com_jshopping/views/orders/tmpl/edit.php
2016-03-25 12:57:02 Copy file: /components/com_jshopping/controllers/product.php
2016-03-25 12:57:02 Copy file: /components/com_jshopping/helpers/metadata.php
2016-03-25 12:57:02 Copy file: /components/com_jshopping/js/functions.js
2016-03-25 12:57:02 Copy file: /components/com_jshopping/js/validateForm.js
2016-03-25 12:57:02 Copy file: /components/com_jshopping/lib/default_config.php
2016-03-25 12:57:02 Copy file: /components/com_jshopping/lib/functions.php
2016-03-25 12:57:02 Copy file: /components/com_jshopping/models/userregister.php
2016-03-25 12:57:02 Copy file: /components/com_jshopping/tables/country.php
2016-03-25 12:57:02 Copy file: /components/com_jshopping/tables/product.php
2016-03-25 12:57:02 Copy file: /components/com_jshopping/tables/productfiles.php
2016-03-25 12:57:02 Copy file: /components/com_jshopping/templates/default/product/load.js.php
2016-03-25 12:57:02 Copy file: /components/com_jshopping/templates/default/product/playmedia.php
2016-03-25 12:57:05 
Start install: /Users/yajata/var/www/regul-n.ru/tmp/JoomShopping-update-4.12.0-4.12.1.zip
2016-03-25 12:57:05 Copy file: /administrator/components/com_jshopping/jshopping.xml
2016-03-25 12:57:05 Copy file: /administrator/components/com_jshopping/controllers/products.php
2016-03-25 12:57:05 Copy file: /administrator/components/com_jshopping/models/products.php
2016-03-25 12:57:05 Copy file: /components/com_jshopping/lib/generete_pdf_order.php
2016-03-25 12:57:05 Copy file: /components/com_jshopping/payments/pm_paypal/adminparamsform.php
2016-03-25 12:57:05 Copy file: /components/com_jshopping/payments/pm_paypal/pm_paypal.php
2016-03-25 12:57:10 
Start install: /Users/yajata/var/www/regul-n.ru/tmp/JoomShopping-update-4.12.1-4.12.2.zip
2016-03-25 12:57:10 Copy file: /administrator/components/com_jshopping/jshopping.xml
2016-03-25 12:57:10 Copy file: /administrator/components/com_jshopping/lang/de-DE.php
2016-03-25 12:57:10 Copy file: /administrator/components/com_jshopping/lang/en-GB.php
2016-03-25 12:57:10 Copy file: /administrator/components/com_jshopping/lang/ru-RU.php
2016-03-25 12:57:10 Copy file: /components/com_jshopping/css/default.css
2016-03-25 12:57:10 Copy file: /components/com_jshopping/lang/de-DE.php
2016-03-25 12:57:10 Copy file: /components/com_jshopping/lang/en-GB.php
2016-03-25 12:57:10 Copy file: /components/com_jshopping/lang/ru-RU.php
2016-03-25 12:57:10 Copy file: /components/com_jshopping/lib/functions.php
2016-03-25 12:57:10 Copy file: /components/com_jshopping/models/cart.php
2016-03-25 12:57:10 Copy file: /components/com_jshopping/payments/pm_paypal/adminparamsform.php
2016-03-25 12:57:10 Copy file: /components/com_jshopping/payments/pm_paypal/pm_paypal.php
2016-03-25 12:57:10 Copy file: /components/com_jshopping/tables/product.php
2016-03-25 12:57:10 Copy file: /components/com_jshopping/templates/default/cart/cart.php
2016-03-25 12:57:10 Copy file: /components/com_jshopping/templates/default/cart/checkout.php
2016-03-25 12:57:10 Copy file: /components/com_jshopping/templates/default/cart/wishlist.php
2016-03-25 12:57:10 Copy file: /components/com_jshopping/templates/default/category/category_default.php
2016-03-25 12:57:10 Copy file: /components/com_jshopping/templates/default/order/order.php
2016-03-25 12:57:13 
Start install: /Users/yajata/var/www/regul-n.ru/tmp/JoomShopping-update-4.12.2-4.12.3.zip
2016-03-25 12:57:13 Copy file: /administrator/components/com_jshopping/jshopping.xml
2016-03-25 12:57:13 Copy file: /components/com_jshopping/router.php
2016-03-25 12:57:13 Copy file: /components/com_jshopping/controllers/cart.php
2016-03-25 13:10:43 
Start install: /Users/yajata/var/www/regul-n.ru/tmp/addon_js_uk-template_4.12.0.zip
2016-03-25 13:10:43 Copy file: /components/com_jshopping/css/nevigen_uikit.css
2016-03-25 13:10:43 Copy file: /components/com_jshopping/images/review_avatar.svg
2016-03-25 13:10:43 Copy file: /components/com_jshopping/js/lightbox.js
2016-03-25 13:10:43 Copy file: /components/com_jshopping/js/slideset.js
2016-03-25 13:10:43 Copy file: /components/com_jshopping/js/tooltip.js
2016-03-25 13:10:43 Copy file: /components/com_jshopping/lang/templates/nevigen_uikit/en-GB.php
2016-03-25 13:10:43 Copy file: /components/com_jshopping/lang/templates/nevigen_uikit/ru-RU.php
2016-03-25 13:10:43 Copy file: /components/com_jshopping/lang/templates/nevigen_uikit/uk-UA.php
2016-03-25 13:10:43 Copy file: /components/com_jshopping/templates/nevigen_uikit/uninstall.php
2016-03-25 13:10:43 Copy file: /components/com_jshopping/templates/nevigen_uikit/cart/cart.php
2016-03-25 13:10:43 Copy file: /components/com_jshopping/templates/nevigen_uikit/cart/checkout.php
2016-03-25 13:10:43 Copy file: /components/com_jshopping/templates/nevigen_uikit/cart/wishlist.php
2016-03-25 13:10:43 Copy file: /components/com_jshopping/templates/nevigen_uikit/category/category_default.php
2016-03-25 13:10:43 Copy file: /components/com_jshopping/templates/nevigen_uikit/category/maincategory.php
2016-03-25 13:10:43 Copy file: /components/com_jshopping/templates/nevigen_uikit/category/products.php
2016-03-25 13:10:43 Copy file: /components/com_jshopping/templates/nevigen_uikit/checkout/adress.js.php
2016-03-25 13:10:43 Copy file: /components/com_jshopping/templates/nevigen_uikit/checkout/adress.php
2016-03-25 13:10:43 Copy file: /components/com_jshopping/templates/nevigen_uikit/checkout/finish.php
2016-03-25 13:10:43 Copy file: /components/com_jshopping/templates/nevigen_uikit/checkout/menu.php
2016-03-25 13:10:43 Copy file: /components/com_jshopping/templates/nevigen_uikit/checkout/orderemail.php
2016-03-25 13:10:43 Copy file: /components/com_jshopping/templates/nevigen_uikit/checkout/payments.php
2016-03-25 13:10:43 Copy file: /components/com_jshopping/templates/nevigen_uikit/checkout/previewfinish.php
2016-03-25 13:10:43 Copy file: /components/com_jshopping/templates/nevigen_uikit/checkout/shippings.php
2016-03-25 13:10:43 Copy file: /components/com_jshopping/templates/nevigen_uikit/checkout/step6iframe.php
2016-03-25 13:10:43 Copy file: /components/com_jshopping/templates/nevigen_uikit/content/content.php
2016-03-25 13:10:43 Copy file: /components/com_jshopping/templates/nevigen_uikit/list_products/block_pagination.php
2016-03-25 13:10:43 Copy file: /components/com_jshopping/templates/nevigen_uikit/list_products/form_filters.php
2016-03-25 13:10:43 Copy file: /components/com_jshopping/templates/nevigen_uikit/list_products/list_products.php
2016-03-25 13:10:43 Copy file: /components/com_jshopping/templates/nevigen_uikit/list_products/no_products.php
2016-03-25 13:10:43 Copy file: /components/com_jshopping/templates/nevigen_uikit/list_products/product.php
2016-03-25 13:10:43 Copy file: /components/com_jshopping/templates/nevigen_uikit/manufacturer/manufacturers.php
2016-03-25 13:10:43 Copy file: /components/com_jshopping/templates/nevigen_uikit/manufacturer/products.php
2016-03-25 13:10:43 Copy file: /components/com_jshopping/templates/nevigen_uikit/order/listorder.php
2016-03-25 13:10:43 Copy file: /components/com_jshopping/templates/nevigen_uikit/order/order.php
2016-03-25 13:10:43 Copy file: /components/com_jshopping/templates/nevigen_uikit/order/statusorder.php
2016-03-25 13:10:43 Copy file: /components/com_jshopping/templates/nevigen_uikit/product/block_image_middle.php
2016-03-25 13:10:43 Copy file: /components/com_jshopping/templates/nevigen_uikit/product/block_image_thumb.php
2016-03-25 13:10:43 Copy file: /components/com_jshopping/templates/nevigen_uikit/product/commentemail.php
2016-03-25 13:10:43 Copy file: /components/com_jshopping/templates/nevigen_uikit/product/demofiles.php
2016-03-25 13:10:43 Copy file: /components/com_jshopping/templates/nevigen_uikit/product/load.js.php
2016-03-25 13:10:43 Copy file: /components/com_jshopping/templates/nevigen_uikit/product/playmedia.php
2016-03-25 13:10:43 Copy file: /components/com_jshopping/templates/nevigen_uikit/product/product_default.php
2016-03-25 13:10:43 Copy file: /components/com_jshopping/templates/nevigen_uikit/product/ratingandhits.php
2016-03-25 13:10:43 Copy file: /components/com_jshopping/templates/nevigen_uikit/product/related.php
2016-03-25 13:10:43 Copy file: /components/com_jshopping/templates/nevigen_uikit/product/review.php
2016-03-25 13:10:43 Copy file: /components/com_jshopping/templates/nevigen_uikit/products/products.php
2016-03-25 13:10:43 Copy file: /components/com_jshopping/templates/nevigen_uikit/search/characteristics.php
2016-03-25 13:10:43 Copy file: /components/com_jshopping/templates/nevigen_uikit/search/form.php
2016-03-25 13:10:43 Copy file: /components/com_jshopping/templates/nevigen_uikit/search/noresult.php
2016-03-25 13:10:43 Copy file: /components/com_jshopping/templates/nevigen_uikit/search/products.php
2016-03-25 13:10:43 Copy file: /components/com_jshopping/templates/nevigen_uikit/user/editaccount.js.php
2016-03-25 13:10:43 Copy file: /components/com_jshopping/templates/nevigen_uikit/user/editaccount.php
2016-03-25 13:10:43 Copy file: /components/com_jshopping/templates/nevigen_uikit/user/groupsinfo.php
2016-03-25 13:10:43 Copy file: /components/com_jshopping/templates/nevigen_uikit/user/login.php
2016-03-25 13:10:43 Copy file: /components/com_jshopping/templates/nevigen_uikit/user/logout.php
2016-03-25 13:10:43 Copy file: /components/com_jshopping/templates/nevigen_uikit/user/myaccount.php
2016-03-25 13:10:43 Copy file: /components/com_jshopping/templates/nevigen_uikit/user/register.js.php
2016-03-25 13:10:43 Copy file: /components/com_jshopping/templates/nevigen_uikit/user/register.php
2016-03-25 13:10:43 Copy file: /components/com_jshopping/templates/nevigen_uikit/vendor/info.php
2016-03-25 13:10:43 Copy file: /components/com_jshopping/templates/nevigen_uikit/vendor/products.php
2016-03-25 13:10:43 Copy file: /components/com_jshopping/templates/nevigen_uikit/vendor/vendors.php
2016-04-04 19:09:53 
Start install: /Users/yajata/var/www/regul-n.ru/tmp/plg_jshoppingadmin_generate_alias.zip
2016-04-04 19:09:53 Copy file: /generate_alias.php
2016-04-04 19:09:53 INSTALL_THROUGH_JOOMLA
2016-04-04 20:03:00 
Start install: /Users/yajata/var/www/regul-n.ru/tmp/plg_jshoppingrouter_full_category_path.zip
2016-04-04 20:03:00 Copy file: /full_category_path.php
2016-04-04 20:03:00 INSTALL_THROUGH_JOOMLA
2016-05-26 13:08:33 
Start install: /var/www/nimacra/data/www/tmp/JoomShopping-update-4.12.3-4.13.0.zip
2016-05-26 13:08:33 Copy file: /administrator/components/com_jshopping/jshopping.php
2016-05-26 13:08:33 Copy file: /administrator/components/com_jshopping/jshopping.xml
2016-05-26 13:08:33 Copy file: /administrator/components/com_jshopping/controllers/addons.php
2016-05-26 13:08:33 Copy file: /administrator/components/com_jshopping/controllers/attributes.php
2016-05-26 13:08:33 Copy file: /administrator/components/com_jshopping/controllers/attributesgroups.php
2016-05-26 13:08:33 Copy file: /administrator/components/com_jshopping/controllers/attributesvalues.php
2016-05-26 13:08:33 Copy file: /administrator/components/com_jshopping/controllers/categories.php
2016-05-26 13:08:33 Copy file: /administrator/components/com_jshopping/controllers/config.php
2016-05-26 13:08:33 Copy file: /administrator/components/com_jshopping/controllers/configdisplayprice.php
2016-05-26 13:08:33 Copy file: /administrator/components/com_jshopping/controllers/countries.php
2016-05-26 13:08:33 Copy file: /administrator/components/com_jshopping/controllers/coupons.php
2016-05-26 13:08:33 Copy file: /administrator/components/com_jshopping/controllers/currencies.php
2016-05-26 13:08:33 Copy file: /administrator/components/com_jshopping/controllers/deliverytimes.php
2016-05-26 13:08:33 Copy file: /administrator/components/com_jshopping/controllers/exttaxes.php
2016-05-26 13:08:33 Copy file: /administrator/components/com_jshopping/controllers/freeattributes.php
2016-05-26 13:08:33 Copy file: /administrator/components/com_jshopping/controllers/importexport.php
2016-05-26 13:08:33 Copy file: /administrator/components/com_jshopping/controllers/languages.php
2016-05-26 13:08:33 Copy file: /administrator/components/com_jshopping/controllers/licensekeyaddon.php
2016-05-26 13:08:33 Copy file: /administrator/components/com_jshopping/controllers/logs.php
2016-05-26 13:08:33 Copy file: /administrator/components/com_jshopping/controllers/manufacturers.php
2016-05-26 13:08:33 Copy file: /administrator/components/com_jshopping/controllers/orders.php
2016-05-26 13:08:33 Copy file: /administrator/components/com_jshopping/controllers/orderstatus.php
2016-05-26 13:08:33 Copy file: /administrator/components/com_jshopping/controllers/payments.php
2016-05-26 13:08:33 Copy file: /administrator/components/com_jshopping/controllers/product_images.php
2016-05-26 13:08:33 Copy file: /administrator/components/com_jshopping/controllers/product_list_selectable.php
2016-05-26 13:08:33 Copy file: /administrator/components/com_jshopping/controllers/productfieldgroups.php
2016-05-26 13:08:33 Copy file: /administrator/components/com_jshopping/controllers/productfields.php
2016-05-26 13:08:33 Copy file: /administrator/components/com_jshopping/controllers/productfieldvalues.php
2016-05-26 13:08:33 Copy file: /administrator/components/com_jshopping/controllers/productlabels.php
2016-05-26 13:08:33 Copy file: /administrator/components/com_jshopping/controllers/products.php
2016-05-26 13:08:33 Copy file: /administrator/components/com_jshopping/controllers/reviews.php
2016-05-26 13:08:33 Copy file: /administrator/components/com_jshopping/controllers/shippingextprice.php
2016-05-26 13:08:33 Copy file: /administrator/components/com_jshopping/controllers/shippings.php
2016-05-26 13:08:33 Copy file: /administrator/components/com_jshopping/controllers/shippingsprices.php
2016-05-26 13:08:33 Copy file: /administrator/components/com_jshopping/controllers/taxes.php
2016-05-26 13:08:33 Copy file: /administrator/components/com_jshopping/controllers/units.php
2016-05-26 13:08:33 Copy file: /administrator/components/com_jshopping/controllers/update.php
2016-05-26 13:08:33 Copy file: /administrator/components/com_jshopping/controllers/usergroups.php
2016-05-26 13:08:33 Copy file: /administrator/components/com_jshopping/controllers/users.php
2016-05-26 13:08:33 Copy file: /administrator/components/com_jshopping/controllers/vendors.php
2016-05-26 13:08:33 Copy file: /administrator/components/com_jshopping/importexport/simpleexport/simpleexport.php
2016-05-26 13:08:33 Copy file: /administrator/components/com_jshopping/importexport/simpleimport/simpleimport.php
2016-05-26 13:08:33 Copy file: /administrator/components/com_jshopping/install/install.sql
2016-05-26 13:08:33 Copy file: /administrator/components/com_jshopping/lang/de-DE.php
2016-05-26 13:08:33 Copy file: /administrator/components/com_jshopping/lang/en-GB.php
2016-05-26 13:08:33 Copy file: /administrator/components/com_jshopping/lang/ru-RU.php
2016-05-26 13:08:33 Copy file: /administrator/components/com_jshopping/models/categories.php
2016-05-26 13:08:33 Copy file: /administrator/components/com_jshopping/models/products.php
2016-05-26 13:08:33 Copy file: /administrator/components/com_jshopping/models/users.php
2016-05-26 13:08:33 Copy file: /administrator/components/com_jshopping/views/attributes/tmpl/list.php
2016-05-26 13:08:33 Copy file: /administrator/components/com_jshopping/views/comments/tmpl/edit.php
2016-05-26 13:08:33 Copy file: /administrator/components/com_jshopping/views/countries/tmpl/edit.php
2016-05-26 13:08:33 Copy file: /administrator/components/com_jshopping/views/coupons/tmpl/edit.php
2016-05-26 13:08:33 Copy file: /administrator/components/com_jshopping/views/currencies/tmpl/list.php
2016-05-26 13:08:33 Copy file: /administrator/components/com_jshopping/views/orders/tmpl/edit.php
2016-05-26 13:08:33 Copy file: /administrator/components/com_jshopping/views/orders/tmpl/list.php
2016-05-26 13:08:33 Copy file: /administrator/components/com_jshopping/views/orderstatus/tmpl/edit.php
2016-05-26 13:08:33 Copy file: /administrator/components/com_jshopping/views/orderstatus/tmpl/list.php
2016-05-26 13:08:33 Copy file: /administrator/components/com_jshopping/views/product_edit/tmpl/default.php
2016-05-26 13:08:33 Copy file: /administrator/components/com_jshopping/views/product_edit/tmpl/freeattribute.php
2016-05-26 13:08:33 Copy file: /administrator/components/com_jshopping/views/product_list/tmpl/search_related.php
2016-05-26 13:08:33 Copy file: /administrator/components/com_jshopping/views/shippings/tmpl/edit.php
2016-05-26 13:08:33 Copy file: /administrator/components/com_jshopping/views/taxes/tmpl/edit.php
2016-05-26 13:08:33 Copy file: /administrator/components/com_jshopping/views/taxes/tmpl/list.php
2016-05-26 13:08:33 Copy file: /administrator/components/com_jshopping/views/users/tmpl/edit.php
2016-05-26 13:08:33 Copy file: /administrator/components/com_jshopping/views/users/tmpl/list.php
2016-05-26 13:08:33 Copy file: /components/com_jshopping/jshopping.php
2016-05-26 13:08:33 Copy file: /components/com_jshopping/loadparams.php
2016-05-26 13:08:33 Copy file: /components/com_jshopping/controllers/cart.php
2016-05-26 13:08:33 Copy file: /components/com_jshopping/controllers/category.php
2016-05-26 13:08:33 Copy file: /components/com_jshopping/controllers/checkout.php
2016-05-26 13:08:33 Copy file: /components/com_jshopping/controllers/content.php
2016-05-26 13:08:33 Copy file: /components/com_jshopping/controllers/importexport.php
2016-05-26 13:08:33 Copy file: /components/com_jshopping/controllers/manufacturer.php
2016-05-26 13:08:33 Copy file: /components/com_jshopping/controllers/product.php
2016-05-26 13:08:33 Copy file: /components/com_jshopping/controllers/search.php
2016-05-26 13:08:33 Copy file: /components/com_jshopping/controllers/user.php
2016-05-26 13:08:33 Copy file: /components/com_jshopping/controllers/vendor.php
2016-05-26 13:08:33 Copy file: /components/com_jshopping/controllers/wishlist.php
2016-05-26 13:08:33 Copy file: /components/com_jshopping/helpers/metadata.php
2016-05-26 13:08:33 Copy file: /components/com_jshopping/helpers/request.php
2016-05-26 13:08:33 Copy file: /components/com_jshopping/lib/functions.php
2016-05-26 13:08:33 Copy file: /components/com_jshopping/lib/multilangfield.php
2016-05-26 13:08:33 Copy file: /components/com_jshopping/lib/parse_string.php
2016-05-26 13:08:33 Copy file: /components/com_jshopping/models/checkoutorder.php
2016-05-26 13:08:33 Copy file: /components/com_jshopping/models/importexportstart.php
2016-05-26 13:08:33 Copy file: /components/com_jshopping/models/productlist.php
2016-05-26 13:08:33 Copy file: /components/com_jshopping/models/productreviewlist.php
2016-05-26 13:08:33 Copy file: /components/com_jshopping/models/productssearch.php
2016-05-26 13:08:33 Copy file: /components/com_jshopping/models/searchrequest.php
2016-05-26 13:08:33 Copy file: /components/com_jshopping/models/userlogin.php
2016-05-26 13:08:33 Copy file: /components/com_jshopping/models/userregister.php
2016-05-26 13:08:33 Copy file: /components/com_jshopping/models/vendorlist.php
2016-05-26 13:08:33 Copy file: /components/com_jshopping/payments/pm_paypal/pm_paypal.php
2016-05-26 13:08:33 Copy file: /components/com_jshopping/payments/pm_sofortueberweisung/pm_sofortueberweisung.php
2016-05-26 13:08:33 Copy file: /components/com_jshopping/tables/attributvalue.php
2016-05-26 13:08:33 Copy file: /components/com_jshopping/tables/category.php
2016-05-26 13:08:33 Copy file: /components/com_jshopping/tables/config.php
2016-05-26 13:08:33 Copy file: /components/com_jshopping/tables/configdisplayprice.php
2016-05-26 13:08:33 Copy file: /components/com_jshopping/tables/manufacturer.php
2016-05-26 13:08:33 Copy file: /components/com_jshopping/tables/order.php
2016-05-26 13:08:33 Copy file: /components/com_jshopping/tables/orderhistory.php
2016-05-26 13:08:33 Copy file: /components/com_jshopping/tables/product.php
2016-05-26 13:08:33 Copy file: /components/com_jshopping/tables/tax.php
2016-05-26 13:08:33 Copy file: /components/com_jshopping/tables/usershop.php
2016-05-26 13:08:33 Copy file: /components/com_jshopping/tables/vendor.php
